{"uuid":"608ab564-16a2-424d-8029-cf0a15218cfa","historyId":"fbd3b82e51874bdeeffd34537b1a2e0e","testCaseId":"[engine:junit-jupiter]/[class:com.proyek.tests.index.MyAccountTest]/[method:testFillOrganizationForm()]","testCaseName":"Fill organization form","fullName":"com.proyek.tests.index.MyAccountTest.testFillOrganizationForm","labels":[{"name":"junit.platform.uniqueid","value":"[engine:junit-jupiter]/[class:com.proyek.tests.index.MyAccountTest]/[method:testFillOrganizationForm()]"},{"name":"host","value":"default"},{"name":"thread","value":"21636@localhost.main(1)"},{"name":"framework","value":"junit-platform"},{"name":"language","value":"java"},{"name":"package","value":"com.proyek.tests.index.MyAccountTest"},{"name":"testClass","value":"com.proyek.tests.index.MyAccountTest"},{"name":"testMethod","value":"testFillOrganizationForm"},{"name":"suite","value":"com.proyek.tests.index.MyAccountTest"}],"links":[],"name":"Fill organization form","status":"broken","statusDetails":{"known":false,"muted":false,"flaky":false,"message":"Expected condition failed: waiting for presence of element located by: By.xpath: //li[contains(@class,'select2-results__option') and contains(text(),'Indonesia (ID)')] (tried for 10 second(s) with 500 milliseconds interval)","trace":"org.openqa.selenium.TimeoutException: Expected condition failed: waiting for presence of element located by: By.xpath: //li[contains(@class,'select2-results__option') and contains(text(),'Indonesia (ID)')] (tried for 10 second(s) with 500 milliseconds interval)\r\n\tat org.openqa.selenium.support.ui.WebDriverWait.timeoutException(WebDriverWait.java:84)\r\n\tat org.openqa.selenium.support.ui.FluentWait.until(FluentWait.java:228)\r\n\tat com.proyek.pages.index.MyAccount.selectCountry(MyAccount.java:206)\r\n\tat com.proyek.pages.index.MyAccount.fillCompleteOrganizationForm(MyAccount.java:469)\r\n\tat com.proyek.tests.index.MyAccountTest.testFillOrganizationForm(MyAccountTest.java:106)\r\n\tat java.base/java.lang.reflect.Method.invoke(Unknown Source)\r\n\tat java.base/java.util.ArrayList.forEach(Unknown Source)\r\n\tat java.base/java.util.ArrayList.forEach(Unknown Source)\r\nCaused by: org.openqa.selenium.NoSuchElementException: no such element: Unable to locate element: {\"method\":\"xpath\",\"selector\":\"//li[contains(@class,'select2-results__option') and contains(text(),'Indonesia (ID)')]\"}\n  (Session info: chrome=143.0.7499.169)\nFor documentation on this error, please visit: https://www.selenium.dev/documentation/webdriver/troubleshooting/errors#no-such-element-exception\nBuild info: version: '4.18.1', revision: 'b1d3319b48'\nSystem info: os.name: 'Windows 11', os.arch: 'amd64', os.version: '10.0', java.version: '21.0.9'\nDriver info: org.openqa.selenium.chrome.ChromeDriver\nCommand: [8c1f25bf08e819af5b35845be995e1b7, findElement {value=//li[contains(@class,'select2-results__option') and contains(text(),'Indonesia (ID)')], using=xpath}]\nCapabilities {acceptInsecureCerts: false, browserName: chrome, browserVersion: 143.0.7499.169, chrome: {chromedriverVersion: 143.0.7499.169 (164b20aab62..., userDataDir: C:\\Users\\El\\AppData\\Local\\T...}, fedcm:accounts: true, goog:chromeOptions: {debuggerAddress: localhost:55757}, goog:processID: 21316, networkConnectionEnabled: false, pageLoadStrategy: normal, platformName: windows, proxy: Proxy(), se:cdp: ws://localhost:55757/devtoo..., se:cdpVersion: 143.0.7499.169, setWindowRect: true, strictFileInteractability: false, timeouts: {implicit: 0, pageLoad: 300000, script: 30000}, unhandledPromptBehavior: dismiss and notify, webauthn:extension:credBlob: true, webauthn:extension:largeBlob: true, webauthn:extension:minPinLength: true, webauthn:extension:prf: true, webauthn:virtualAuthenticators: true}\nSession ID: 8c1f25bf08e819af5b35845be995e1b7\r\n\tat java.base/jdk.internal.reflect.DirectConstructorHandleAccessor.newInstance(Unknown Source)\r\n\tat java.base/java.lang.reflect.Constructor.newInstanceWithCaller(Unknown Source)\r\n\tat java.base/java.lang.reflect.Constructor.newInstance(Unknown Source)\r\n\tat org.openqa.selenium.remote.ErrorCodec.decode(ErrorCodec.java:167)\r\n\tat org.openqa.selenium.remote.codec.w3c.W3CHttpResponseCodec.decode(W3CHttpResponseCodec.java:138)\r\n\tat org.openqa.selenium.remote.codec.w3c.W3CHttpResponseCodec.decode(W3CHttpResponseCodec.java:50)\r\n\tat org.openqa.selenium.remote.HttpCommandExecutor.execute(HttpCommandExecutor.java:190)\r\n\tat org.openqa.selenium.remote.service.DriverCommandExecutor.invokeExecute(DriverCommandExecutor.java:216)\r\n\tat org.openqa.selenium.remote.service.DriverCommandExecutor.execute(DriverCommandExecutor.java:174)\r\n\tat org.openqa.selenium.remote.RemoteWebDriver.execute(RemoteWebDriver.java:519)\r\n\tat org.openqa.selenium.remote.ElementLocation$ElementFinder$2.findElement(ElementLocation.java:165)\r\n\tat org.openqa.selenium.remote.ElementLocation.findElement(ElementLocation.java:59)\r\n\tat org.openqa.selenium.remote.RemoteWebDriver.findElement(RemoteWebDriver.java:356)\r\n\tat org.openqa.selenium.remote.RemoteWebDriver.findElement(RemoteWebDriver.java:350)\r\n\tat org.openqa.selenium.support.ui.ExpectedConditions$6.apply(ExpectedConditions.java:171)\r\n\tat org.openqa.selenium.support.ui.ExpectedConditions$6.apply(ExpectedConditions.java:168)\r\n\tat org.openqa.selenium.support.ui.FluentWait.until(FluentWait.java:203)\r\n\t... 6 more\r\n"},"stage":"finished","description":"","steps":[],"attachments":[],"parameters":[],"start":1767709965819,"stop":1767709984968}