{"uuid":"a915b923-c7cf-46ce-9988-d57bb05b0df2","historyId":"d5ec936fbfec648b05685b6a73b96050","testCaseId":"[engine:junit-jupiter]/[class:com.proyek.tests.IntegrationsPageTest]/[method:testIntegrationCardClick()]","testCaseName":"Clicking integration card should open external page","fullName":"com.proyek.tests.IntegrationsPageTest.testIntegrationCardClick","labels":[{"name":"junit.platform.uniqueid","value":"[engine:junit-jupiter]/[class:com.proyek.tests.IntegrationsPageTest]/[method:testIntegrationCardClick()]"},{"name":"host","value":"default"},{"name":"thread","value":"17532@localhost.main(1)"},{"name":"framework","value":"junit-platform"},{"name":"language","value":"java"},{"name":"package","value":"com.proyek.tests.IntegrationsPageTest"},{"name":"testClass","value":"com.proyek.tests.IntegrationsPageTest"},{"name":"testMethod","value":"testIntegrationCardClick"},{"name":"suite","value":"com.proyek.tests.IntegrationsPageTest"}],"links":[],"name":"Clicking integration card should open external page","status":"failed","statusDetails":{"known":false,"muted":false,"flaky":false,"message":"Integration card tidak membuka halaman baru ==> Unexpected exception thrown: org.openqa.selenium.TimeoutException: Expected condition failed: waiting for presence of any elements located by By.cssSelector: .repeater-item a[target='_blank'], .card a[target='_blank'] (tried for 10 second(s) with 500 milliseconds interval)\nBuild info: version: '4.18.1', revision: 'b1d3319b48'\nSystem info: os.name: 'Windows 11', os.arch: 'amd64', os.version: '10.0', java.version: '21.0.9'\nDriver info: org.openqa.selenium.chrome.ChromeDriver\nCapabilities {acceptInsecureCerts: false, browserName: chrome, browserVersion: 143.0.7499.169, chrome: {chromedriverVersion: 143.0.7499.169 (164b20aab62..., userDataDir: C:\\Users\\El\\AppData\\Local\\T...}, fedcm:accounts: true, goog:chromeOptions: {debuggerAddress: localhost:59145}, goog:processID: 17372, networkConnectionEnabled: false, pageLoadStrategy: normal, platformName: windows, proxy: Proxy(), se:cdp: ws://localhost:59145/devtoo..., se:cdpVersion: 143.0.7499.169, setWindowRect: true, strictFileInteractability: false, timeouts: {implicit: 0, pageLoad: 300000, script: 30000}, unhandledPromptBehavior: dismiss and notify, webauthn:extension:credBlob: true, webauthn:extension:largeBlob: true, webauthn:extension:minPinLength: true, webauthn:extension:prf: true, webauthn:virtualAuthenticators: true}\nSession ID: e2133fbaeca25c310fcef882d52021a0","trace":"org.opentest4j.AssertionFailedError: Integration card tidak membuka halaman baru ==> Unexpected exception thrown: org.openqa.selenium.TimeoutException: Expected condition failed: waiting for presence of any elements located by By.cssSelector: .repeater-item a[target='_blank'], .card a[target='_blank'] (tried for 10 second(s) with 500 milliseconds interval)\nBuild info: version: '4.18.1', revision: 'b1d3319b48'\nSystem info: os.name: 'Windows 11', os.arch: 'amd64', os.version: '10.0', java.version: '21.0.9'\nDriver info: org.openqa.selenium.chrome.ChromeDriver\nCapabilities {acceptInsecureCerts: false, browserName: chrome, browserVersion: 143.0.7499.169, chrome: {chromedriverVersion: 143.0.7499.169 (164b20aab62..., userDataDir: C:\\Users\\El\\AppData\\Local\\T...}, fedcm:accounts: true, goog:chromeOptions: {debuggerAddress: localhost:59145}, goog:processID: 17372, networkConnectionEnabled: false, pageLoadStrategy: normal, platformName: windows, proxy: Proxy(), se:cdp: ws://localhost:59145/devtoo..., se:cdpVersion: 143.0.7499.169, setWindowRect: true, strictFileInteractability: false, timeouts: {implicit: 0, pageLoad: 300000, script: 30000}, unhandledPromptBehavior: dismiss and notify, webauthn:extension:credBlob: true, webauthn:extension:largeBlob: true, webauthn:extension:minPinLength: true, webauthn:extension:prf: true, webauthn:virtualAuthenticators: true}\nSession ID: e2133fbaeca25c310fcef882d52021a0\r\n\tat org.junit.jupiter.api.AssertionFailureBuilder.build(AssertionFailureBuilder.java:152)\r\n\tat org.junit.jupiter.api.AssertDoesNotThrow.createAssertionFailedError(AssertDoesNotThrow.java:84)\r\n\tat org.junit.jupiter.api.AssertDoesNotThrow.assertDoesNotThrow(AssertDoesNotThrow.java:53)\r\n\tat org.junit.jupiter.api.AssertDoesNotThrow.assertDoesNotThrow(AssertDoesNotThrow.java:40)\r\n\tat org.junit.jupiter.api.Assertions.assertDoesNotThrow(Assertions.java:3218)\r\n\tat com.proyek.tests.IntegrationsPageTest.testIntegrationCardClick(IntegrationsPageTest.java:76)\r\n\tat java.base/java.lang.reflect.Method.invoke(Unknown Source)\r\n\tat java.base/java.util.ArrayList.forEach(Unknown Source)\r\n\tat java.base/java.util.ArrayList.forEach(Unknown Source)\r\nCaused by: org.openqa.selenium.TimeoutException: Expected condition failed: waiting for presence of any elements located by By.cssSelector: .repeater-item a[target='_blank'], .card a[target='_blank'] (tried for 10 second(s) with 500 milliseconds interval)\nBuild info: version: '4.18.1', revision: 'b1d3319b48'\nSystem info: os.name: 'Windows 11', os.arch: 'amd64', os.version: '10.0', java.version: '21.0.9'\nDriver info: org.openqa.selenium.chrome.ChromeDriver\nCapabilities {acceptInsecureCerts: false, browserName: chrome, browserVersion: 143.0.7499.169, chrome: {chromedriverVersion: 143.0.7499.169 (164b20aab62..., userDataDir: C:\\Users\\El\\AppData\\Local\\T...}, fedcm:accounts: true, goog:chromeOptions: {debuggerAddress: localhost:59145}, goog:processID: 17372, networkConnectionEnabled: false, pageLoadStrategy: normal, platformName: windows, proxy: Proxy(), se:cdp: ws://localhost:59145/devtoo..., se:cdpVersion: 143.0.7499.169, setWindowRect: true, strictFileInteractability: false, timeouts: {implicit: 0, pageLoad: 300000, script: 30000}, unhandledPromptBehavior: dismiss and notify, webauthn:extension:credBlob: true, webauthn:extension:largeBlob: true, webauthn:extension:minPinLength: true, webauthn:extension:prf: true, webauthn:virtualAuthenticators: true}\nSession ID: e2133fbaeca25c310fcef882d52021a0\r\n\tat org.openqa.selenium.support.ui.WebDriverWait.timeoutException(WebDriverWait.java:84)\r\n\tat org.openqa.selenium.support.ui.FluentWait.until(FluentWait.java:228)\r\n\tat com.proyek.pages.IntegrationsPage.clickFirstIntegrationAndClose(IntegrationsPage.java:77)\r\n\tat com.proyek.tests.IntegrationsPageTest.lambda$0(IntegrationsPageTest.java:77)\r\n\tat org.junit.jupiter.api.AssertDoesNotThrow.assertDoesNotThrow(AssertDoesNotThrow.java:49)\r\n\t... 6 more\r\n"},"stage":"finished","description":"","steps":[],"attachments":[],"parameters":[],"start":1767640316220,"stop":1767640326522}