{"uuid":"fd679ce8-4d06-4379-a8fe-48ccbe1641a5","historyId":"2078c94d657e30857debb58b8139f7bb","testCaseId":"[engine:junit-jupiter]/[class:com.proyek.tests.IntegrationsPageTest]/[method:testSeeMoreLinks()]","testCaseName":"Each integration card should have See More and be clickable","fullName":"com.proyek.tests.IntegrationsPageTest.testSeeMoreLinks","labels":[{"name":"junit.platform.uniqueid","value":"[engine:junit-jupiter]/[class:com.proyek.tests.IntegrationsPageTest]/[method:testSeeMoreLinks()]"},{"name":"host","value":"default"},{"name":"thread","value":"9808@localhost.main(1)"},{"name":"framework","value":"junit-platform"},{"name":"language","value":"java"},{"name":"package","value":"com.proyek.tests.IntegrationsPageTest"},{"name":"testClass","value":"com.proyek.tests.IntegrationsPageTest"},{"name":"testMethod","value":"testSeeMoreLinks"},{"name":"suite","value":"com.proyek.tests.IntegrationsPageTest"}],"links":[],"name":"Each integration card should have See More and be clickable","status":"failed","statusDetails":{"known":false,"muted":false,"flaky":false,"message":"Link See more tidak bisa diklik ==> Unexpected exception thrown: org.openqa.selenium.ElementClickInterceptedException: element click intercepted: Element <a id=\"link_text-45-433120-3\" class=\"ct-link-text uppercase\" href=\"http://www.glpi-project.org/en/integration/google-sso/\" target=\"_blank\" data-id=\"link_text-45-433120\">...</a> is not clickable at point (634, 563). Other element would receive the click: <button class=\"cmplz-btn cmplz-accept\">...</button>\n  (Session info: chrome=143.0.7499.169)\nBuild info: version: '4.18.1', revision: 'b1d3319b48'\nSystem info: os.name: 'Windows 11', os.arch: 'amd64', os.version: '10.0', java.version: '21.0.9'\nDriver info: org.openqa.selenium.chrome.ChromeDriver\nCommand: [7d94b63680f23d855c786f1160255c64, clickElement {id=f.1BF378EFDEBFCB469B3EAC9DB24DEDB4.d.81C830446D88F9AE8AD57BB5BAE6F08A.e.132}]\nCapabilities {acceptInsecureCerts: false, browserName: chrome, browserVersion: 143.0.7499.169, chrome: {chromedriverVersion: 143.0.7499.169 (164b20aab62..., userDataDir: C:\\Users\\El\\AppData\\Local\\T...}, fedcm:accounts: true, goog:chromeOptions: {debuggerAddress: localhost:59821}, goog:processID: 17240, networkConnectionEnabled: false, pageLoadStrategy: normal, platformName: windows, proxy: Proxy(), se:cdp: ws://localhost:59821/devtoo..., se:cdpVersion: 143.0.7499.169, setWindowRect: true, strictFileInteractability: false, timeouts: {implicit: 0, pageLoad: 300000, script: 30000}, unhandledPromptBehavior: dismiss and notify, webauthn:extension:credBlob: true, webauthn:extension:largeBlob: true, webauthn:extension:minPinLength: true, webauthn:extension:prf: true, webauthn:virtualAuthenticators: true}\nElement: [[[[ChromeDriver: chrome on windows (7d94b63680f23d855c786f1160255c64)] -> css selector: #_dynamic_list-26-433120 > div]] -> css selector: a.ct-link-text]\nSession ID: 7d94b63680f23d855c786f1160255c64","trace":"org.opentest4j.AssertionFailedError: Link See more tidak bisa diklik ==> Unexpected exception thrown: org.openqa.selenium.ElementClickInterceptedException: element click intercepted: Element <a id=\"link_text-45-433120-3\" class=\"ct-link-text uppercase\" href=\"http://www.glpi-project.org/en/integration/google-sso/\" target=\"_blank\" data-id=\"link_text-45-433120\">...</a> is not clickable at point (634, 563). Other element would receive the click: <button class=\"cmplz-btn cmplz-accept\">...</button>\n  (Session info: chrome=143.0.7499.169)\nBuild info: version: '4.18.1', revision: 'b1d3319b48'\nSystem info: os.name: 'Windows 11', os.arch: 'amd64', os.version: '10.0', java.version: '21.0.9'\nDriver info: org.openqa.selenium.chrome.ChromeDriver\nCommand: [7d94b63680f23d855c786f1160255c64, clickElement {id=f.1BF378EFDEBFCB469B3EAC9DB24DEDB4.d.81C830446D88F9AE8AD57BB5BAE6F08A.e.132}]\nCapabilities {acceptInsecureCerts: false, browserName: chrome, browserVersion: 143.0.7499.169, chrome: {chromedriverVersion: 143.0.7499.169 (164b20aab62..., userDataDir: C:\\Users\\El\\AppData\\Local\\T...}, fedcm:accounts: true, goog:chromeOptions: {debuggerAddress: localhost:59821}, goog:processID: 17240, networkConnectionEnabled: false, pageLoadStrategy: normal, platformName: windows, proxy: Proxy(), se:cdp: ws://localhost:59821/devtoo..., se:cdpVersion: 143.0.7499.169, setWindowRect: true, strictFileInteractability: false, timeouts: {implicit: 0, pageLoad: 300000, script: 30000}, unhandledPromptBehavior: dismiss and notify, webauthn:extension:credBlob: true, webauthn:extension:largeBlob: true, webauthn:extension:minPinLength: true, webauthn:extension:prf: true, webauthn:virtualAuthenticators: true}\nElement: [[[[ChromeDriver: chrome on windows (7d94b63680f23d855c786f1160255c64)] -> css selector: #_dynamic_list-26-433120 > div]] -> css selector: a.ct-link-text]\nSession ID: 7d94b63680f23d855c786f1160255c64\r\n\tat org.junit.jupiter.api.AssertionFailureBuilder.build(AssertionFailureBuilder.java:152)\r\n\tat org.junit.jupiter.api.AssertDoesNotThrow.createAssertionFailedError(AssertDoesNotThrow.java:84)\r\n\tat org.junit.jupiter.api.AssertDoesNotThrow.assertDoesNotThrow(AssertDoesNotThrow.java:53)\r\n\tat org.junit.jupiter.api.AssertDoesNotThrow.assertDoesNotThrow(AssertDoesNotThrow.java:40)\r\n\tat org.junit.jupiter.api.Assertions.assertDoesNotThrow(Assertions.java:3218)\r\n\tat com.proyek.tests.IntegrationsPageTest.testSeeMoreLinks(IntegrationsPageTest.java:65)\r\n\tat java.base/java.lang.reflect.Method.invoke(Unknown Source)\r\n\tat java.base/java.util.ArrayList.forEach(Unknown Source)\r\n\tat java.base/java.util.ArrayList.forEach(Unknown Source)\r\nCaused by: org.openqa.selenium.ElementClickInterceptedException: element click intercepted: Element <a id=\"link_text-45-433120-3\" class=\"ct-link-text uppercase\" href=\"http://www.glpi-project.org/en/integration/google-sso/\" target=\"_blank\" data-id=\"link_text-45-433120\">...</a> is not clickable at point (634, 563). Other element would receive the click: <button class=\"cmplz-btn cmplz-accept\">...</button>\n  (Session info: chrome=143.0.7499.169)\nBuild info: version: '4.18.1', revision: 'b1d3319b48'\nSystem info: os.name: 'Windows 11', os.arch: 'amd64', os.version: '10.0', java.version: '21.0.9'\nDriver info: org.openqa.selenium.chrome.ChromeDriver\nCommand: [7d94b63680f23d855c786f1160255c64, clickElement {id=f.1BF378EFDEBFCB469B3EAC9DB24DEDB4.d.81C830446D88F9AE8AD57BB5BAE6F08A.e.132}]\nCapabilities {acceptInsecureCerts: false, browserName: chrome, browserVersion: 143.0.7499.169, chrome: {chromedriverVersion: 143.0.7499.169 (164b20aab62..., userDataDir: C:\\Users\\El\\AppData\\Local\\T...}, fedcm:accounts: true, goog:chromeOptions: {debuggerAddress: localhost:59821}, goog:processID: 17240, networkConnectionEnabled: false, pageLoadStrategy: normal, platformName: windows, proxy: Proxy(), se:cdp: ws://localhost:59821/devtoo..., se:cdpVersion: 143.0.7499.169, setWindowRect: true, strictFileInteractability: false, timeouts: {implicit: 0, pageLoad: 300000, script: 30000}, unhandledPromptBehavior: dismiss and notify, webauthn:extension:credBlob: true, webauthn:extension:largeBlob: true, webauthn:extension:minPinLength: true, webauthn:extension:prf: true, webauthn:virtualAuthenticators: true}\nElement: [[[[ChromeDriver: chrome on windows (7d94b63680f23d855c786f1160255c64)] -> css selector: #_dynamic_list-26-433120 > div]] -> css selector: a.ct-link-text]\nSession ID: 7d94b63680f23d855c786f1160255c64\r\n\tat java.base/jdk.internal.reflect.DirectConstructorHandleAccessor.newInstance(Unknown Source)\r\n\tat java.base/java.lang.reflect.Constructor.newInstanceWithCaller(Unknown Source)\r\n\tat java.base/java.lang.reflect.Constructor.newInstance(Unknown Source)\r\n\tat org.openqa.selenium.remote.ErrorCodec.decode(ErrorCodec.java:167)\r\n\tat org.openqa.selenium.remote.codec.w3c.W3CHttpResponseCodec.decode(W3CHttpResponseCodec.java:138)\r\n\tat org.openqa.selenium.remote.codec.w3c.W3CHttpResponseCodec.decode(W3CHttpResponseCodec.java:50)\r\n\tat org.openqa.selenium.remote.HttpCommandExecutor.execute(HttpCommandExecutor.java:190)\r\n\tat org.openqa.selenium.remote.service.DriverCommandExecutor.invokeExecute(DriverCommandExecutor.java:216)\r\n\tat org.openqa.selenium.remote.service.DriverCommandExecutor.execute(DriverCommandExecutor.java:174)\r\n\tat org.openqa.selenium.remote.RemoteWebDriver.execute(RemoteWebDriver.java:519)\r\n\tat org.openqa.selenium.remote.RemoteWebElement.execute(RemoteWebElement.java:223)\r\n\tat org.openqa.selenium.remote.RemoteWebElement.click(RemoteWebElement.java:76)\r\n\tat com.proyek.pages.IntegrationsPage.clickSeeMoreAndBack(IntegrationsPage.java:61)\r\n\tat com.proyek.tests.IntegrationsPageTest.lambda$0(IntegrationsPageTest.java:66)\r\n\tat org.junit.jupiter.api.AssertDoesNotThrow.assertDoesNotThrow(AssertDoesNotThrow.java:49)\r\n\t... 6 more\r\n"},"stage":"finished","description":"","steps":[],"attachments":[],"parameters":[],"start":1767639022865,"stop":1767639024375}