{"uuid":"c22d26d7-2b13-4694-96be-4e0a5f7ad783","historyId":"93d45a6cd2cda26b1daf896731701ed0","testCaseId":"[engine:junit-jupiter]/[class:com.proyek.tests.RegistrationPageTest]/[method:testCompleteRegistrationFlow()]","testCaseName":"Complete User Registration Flow","fullName":"com.proyek.tests.RegistrationPageTest.testCompleteRegistrationFlow","labels":[{"name":"junit.platform.uniqueid","value":"[engine:junit-jupiter]/[class:com.proyek.tests.RegistrationPageTest]/[method:testCompleteRegistrationFlow()]"},{"name":"feature","value":"User Registration"},{"name":"epic","value":"GLPI Website Testing"},{"name":"story","value":"User Registration Journey"},{"name":"host","value":"rsl"},{"name":"thread","value":"10668@rsl.main(3)"},{"name":"framework","value":"junit-platform"},{"name":"language","value":"java"},{"name":"package","value":"com.proyek.tests.RegistrationPageTest"},{"name":"testClass","value":"com.proyek.tests.RegistrationPageTest"},{"name":"testMethod","value":"testCompleteRegistrationFlow"},{"name":"suite","value":"com.proyek.tests.RegistrationPageTest"},{"name":"severity","value":"critical"}],"links":[],"name":"Complete User Registration Flow","status":"broken","statusDetails":{"known":false,"muted":false,"flaky":false,"message":"Registration did not complete within 60 seconds","trace":"java.lang.RuntimeException: Registration did not complete within 60 seconds\r\n\tat com.proyek.pages.auth.RegistrationPage.waitForWelcomePageRedirect(RegistrationPage.java:178)\r\n\tat com.proyek.tests.RegistrationPageTest.testCompleteRegistrationFlow(RegistrationPageTest.java:62)\r\n\tat java.base/java.lang.reflect.Method.invoke(Method.java:565)\r\n\tat java.base/java.util.ArrayList.forEach(ArrayList.java:1604)\r\n\tat java.base/java.util.ArrayList.forEach(ArrayList.java:1604)\r\nCaused by: org.openqa.selenium.TimeoutException: timeout: Timed out receiving message from renderer: 20.000\n  (Session info: chrome=143.0.7499.170)\nBuild info: version: '4.18.1', revision: 'b1d3319b48'\nSystem info: os.name: 'Windows 11', os.arch: 'amd64', os.version: '10.0', java.version: '25.0.1'\nDriver info: org.openqa.selenium.chrome.ChromeDriver\nCommand: [9af8fc83e7098b9e447a52e2d6d154f8, getCurrentUrl {}]\nCapabilities {acceptInsecureCerts: false, browserName: chrome, browserVersion: 143.0.7499.170, chrome: {chromedriverVersion: 143.0.7499.169 (164b20aab62..., userDataDir: C:\\Users\\RAOUL_~1\\AppData\\L...}, fedcm:accounts: true, goog:chromeOptions: {debuggerAddress: localhost:56934}, goog:processID: 3304, networkConnectionEnabled: false, pageLoadStrategy: eager, platformName: windows, proxy: Proxy(), se:cdp: ws://localhost:56934/devtoo..., se:cdpVersion: 143.0.7499.170, setWindowRect: true, strictFileInteractability: false, timeouts: {implicit: 0, pageLoad: 300000, script: 30000}, unhandledPromptBehavior: dismiss and notify, webauthn:extension:credBlob: true, webauthn:extension:largeBlob: true, webauthn:extension:minPinLength: true, webauthn:extension:prf: true, webauthn:virtualAuthenticators: true}\nSession ID: 9af8fc83e7098b9e447a52e2d6d154f8\r\n\tat java.base/jdk.internal.reflect.DirectConstructorHandleAccessor.newInstance(DirectConstructorHandleAccessor.java:62)\r\n\tat java.base/java.lang.reflect.Constructor.newInstanceWithCaller(Constructor.java:499)\r\n\tat java.base/java.lang.reflect.Constructor.newInstance(Constructor.java:483)\r\n\tat org.openqa.selenium.remote.ErrorCodec.decode(ErrorCodec.java:167)\r\n\tat org.openqa.selenium.remote.codec.w3c.W3CHttpResponseCodec.decode(W3CHttpResponseCodec.java:138)\r\n\tat org.openqa.selenium.remote.codec.w3c.W3CHttpResponseCodec.decode(W3CHttpResponseCodec.java:50)\r\n\tat org.openqa.selenium.remote.HttpCommandExecutor.execute(HttpCommandExecutor.java:190)\r\n\tat org.openqa.selenium.remote.service.DriverCommandExecutor.invokeExecute(DriverCommandExecutor.java:216)\r\n\tat org.openqa.selenium.remote.service.DriverCommandExecutor.execute(DriverCommandExecutor.java:174)\r\n\tat org.openqa.selenium.remote.RemoteWebDriver.execute(RemoteWebDriver.java:519)\r\n\tat org.openqa.selenium.remote.RemoteWebDriver.execute(RemoteWebDriver.java:592)\r\n\tat org.openqa.selenium.remote.RemoteWebDriver.execute(RemoteWebDriver.java:596)\r\n\tat org.openqa.selenium.remote.RemoteWebDriver.getCurrentUrl(RemoteWebDriver.java:313)\r\n\tat org.openqa.selenium.support.ui.ExpectedConditions$4.apply(ExpectedConditions.java:124)\r\n\tat org.openqa.selenium.support.ui.ExpectedConditions$4.apply(ExpectedConditions.java:119)\r\n\tat org.openqa.selenium.support.ui.FluentWait.until(FluentWait.java:203)\r\n\tat com.proyek.pages.auth.RegistrationPage.waitForWelcomePageRedirect(RegistrationPage.java:174)\r\n\t... 4 more\r\n"},"stage":"finished","description":"Test complete registration process: fill email, company name, password, country, application address, and submit","steps":[],"attachments":[],"parameters":[],"start":1767683584520,"stop":1767683638535}